<?xml version="1.0" encoding="UTF-8"?>
<!-- Generated by org.testng.reporters.JUnitReportReporter -->
<testsuite hostname="Hlas-MacBook-Pro.local" failures="0" tests="2" name="APITest.TestResponse1" time="2.150" errors="0" timestamp="2024-02-07T12:18:07 SGT" skipped="0">
  <testcase classname="APITest.TestResponse1" name="checkResponse" time="2.069"/>
  <testcase classname="APITest.TestResponse1" name="checkStatusCode" time="0.081"/>
</testsuite> <!-- APITest.TestResponse1 -->
